DEBUG:fortls.constants:REQUEST 1 initialize
DEBUG:fortls.constants:=== No PreProc ===

DEBUG:fortls.constants:=== No PreProc ===

DEBUG:fortls.constants:=== No PreProc ===

DEBUG:fortls.constants:program check !!! PROGRAM - Ln:1
DEBUG:fortls.constants:implicit none !!! IMPLICIT - Ln:2
DEBUG:fortls.constants:program main !!! PROGRAM - Ln:1
DEBUG:fortls.constants:module aula22 !!! MODULE - Ln:1
DEBUG:fortls.constants:end program check !!! END PROGRAM Scope - Ln:5
DEBUG:fortls.constants:  implicit none !!! IMPLICIT - Ln:2
DEBUG:fortls.constants:  use aula22, only: say_hello !!! USE - Ln:2
DEBUG:fortls.constants:  implicit none !!! IMPLICIT - Ln:3
DEBUG:fortls.constants:  private !!! VISIBILITY - Ln:3
DEBUG:fortls.constants:end program main !!! END PROGRAM Scope - Ln:7
DEBUG:fortls.constants:  public :: say_hello !!! VISIBILITY - Ln:5
DEBUG:fortls.constants:contains !!! CONTAINS - Ln:6
DEBUG:fortls.constants:  subroutine say_hello !!! SUBROUTINE - Ln:7
DEBUG:fortls.constants:  end subroutine say_hello !!! END SUBROUTINE Scope - Ln:9
DEBUG:fortls.constants:end module aula22 !!! END MODULE Scope - Ln:10
INFO:fortls.constants:fortls - Fortran Language Server 2.12.0 Initialized
DEBUG:fortls.constants:SEND {"jsonrpc":"2.0","method":"window/showMessage","params":{"type":3,"message":"fortls initialization complete"}}
INFO:fortls.constants:fortls initialization complete
DEBUG:fortls.constants:SEND {"jsonrpc":"2.0","id":1,"result":{"capabilities":{"completionProvider":{"resolveProvider":false,"triggerCharacters":["%"]},"definitionProvider":true,"documentSymbolProvider":true,"referencesProvider":true,"hoverProvider":true,"implementationProvider":true,"renameProvider":true,"workspaceSymbolProvider":true,"textDocumentSync":2,"signatureHelpProvider":{"triggerCharacters":["(",","]},"codeActionProvider":true}}}
DEBUG:fortls.constants:SEND {"jsonrpc":"2.0","method":"window/showMessage","params":{"type":3,"message":"fortls debugging enabled"}}
INFO:fortls.constants:fortls debugging enabled
DEBUG:fortls.constants:RECV {"method":"initialized","params":{},"jsonrpc":"2.0"}
DEBUG:fortls.constants:REQUEST None initialized
DEBUG:fortls.constants:RECV {"method":"workspace\/didChangeConfiguration","params":{"settings":{"excl_suffixes":["_skip.f90"],"include_dirs":["include\/**"],"pp_suffixes":[".F90",".h"],"incremental_sync":true,"lowercase_intrinsics":true,"hover_signature":true,"use_signature_help":true,"autocomplete_no_prefix":true,"disable_diagnostics":false,"enable_code_actions":true,"sort_keywords":true,"excl_paths":["tests\/**","tools\/**"],"pp_defs":{"HAVE_HDF5":"","MPI_Comm":"integer"}}},"jsonrpc":"2.0"}
DEBUG:fortls.constants:REQUEST None workspace/didChangeConfiguration
DEBUG:fortls.constants:RECV {"method":"textDocument\/didOpen","params":{"textDocument":{"languageId":"fortran","uri":"file:\/\/\/home\/luizpbraga\/Documents\/Aulas-Fortran\/aula20-21-22oop-module\/p3\/p3\/aula22\/app\/main.f90","text":"program main\n  use aula22, only: say_hello\n  implicit none\n\n  print *, i\n  call say_hello()\nend program main\n","version":0}},"jsonrpc":"2.0"}
DEBUG:fortls.constants:REQUEST None textDocument/didOpen
DEBUG:fortls.constants:SEND {"jsonrpc":"2.0","method":"textDocument/publishDiagnostics","params":{"uri":"file:///home/luizpbraga/Documents/Aulas-Fortran/aula20-21-22oop-module/p3/p3/aula22/app/main.f90","diagnostics":[]}}
DEBUG:fortls.constants:RECV {"params":{"position":{"line":3,"character":0},"textDocument":{"uri":"file:\/\/\/home\/luizpbraga\/Documents\/Aulas-Fortran\/aula20-21-22oop-module\/p3\/p3\/aula22\/app\/main.f90"}},"method":"textDocument\/signatureHelp","id":2,"jsonrpc":"2.0"}
DEBUG:fortls.constants:REQUEST 2 textDocument/signatureHelp
DEBUG:fortls.constants:SEND {"jsonrpc":"2.0","id":2,"result":null}
DEBUG:fortls.constants:RECV {"method":"textDocument\/didChange","params":{"contentChanges":[{"rangeLength":0,"text":"","range":{"start":{"line":1,"character":29},"end":{"line":1,"character":29}}},{"rangeLength":0,"text":"","range":{"start":{"line":1,"character":29},"end":{"line":1,"character":29}}}],"textDocument":{"version":5,"uri":"file:\/\/\/home\/luizpbraga\/Documents\/Aulas-Fortran\/aula20-21-22oop-module\/p3\/p3\/aula22\/app\/main.f90"}},"jsonrpc":"2.0"}
DEBUG:fortls.constants:REQUEST None textDocument/didChange
DEBUG:fortls.constants:=== No PreProc ===

DEBUG:fortls.constants:program main !!! PROGRAM - Ln:1
DEBUG:fortls.constants:  use aula22, only: say_hello !!! USE - Ln:2
DEBUG:fortls.constants:  implicit none !!! IMPLICIT - Ln:3
DEBUG:fortls.constants:end program main !!! END PROGRAM Scope - Ln:7
DEBUG:fortls.constants:RECV {"method":"textDocument\/didSave","params":{"textDocument":{"uri":"file:\/\/\/home\/luizpbraga\/Documents\/Aulas-Fortran\/aula20-21-22oop-module\/p3\/p3\/aula22\/app\/main.f90"}},"jsonrpc":"2.0"}
DEBUG:fortls.constants:REQUEST None textDocument/didSave
DEBUG:fortls.constants:=== No PreProc ===

DEBUG:fortls.constants:program main !!! PROGRAM - Ln:1
DEBUG:fortls.constants:  use aula22, only: say_hello !!! USE - Ln:2
DEBUG:fortls.constants:  implicit none !!! IMPLICIT - Ln:3
DEBUG:fortls.constants:end program main !!! END PROGRAM Scope - Ln:7
DEBUG:fortls.constants:SEND {"jsonrpc":"2.0","method":"textDocument/publishDiagnostics","params":{"uri":"file:///home/luizpbraga/Documents/Aulas-Fortran/aula20-21-22oop-module/p3/p3/aula22/app/main.f90","diagnostics":[]}}
DEBUG:fortls.constants:RECV {"params":{"position":{"line":3,"character":0},"textDocument":{"uri":"file:\/\/\/home\/luizpbraga\/Documents\/Aulas-Fortran\/aula20-21-22oop-module\/p3\/p3\/aula22\/app\/main.f90"}},"method":"textDocument\/signatureHelp","id":3,"jsonrpc":"2.0"}
DEBUG:fortls.constants:REQUEST 3 textDocument/signatureHelp
DEBUG:fortls.constants:SEND {"jsonrpc":"2.0","id":3,"result":null}
DEBUG:fortls.constants:RECV {"method":"shutdown","id":4,"jsonrpc":"2.0"}
DEBUG:fortls.constants:REQUEST 4 shutdown
DEBUG:fortls.constants:SEND {"jsonrpc":"2.0","id":4,"result":null}
DEBUG:fortls.constants:RECV {"method":"exit","jsonrpc":"2.0"}
DEBUG:fortls.constants:REQUEST None exit
